2025-08-24 21:36:20,322 - INFO -  Logging setup complete in get_vendor_summary.py
2025-08-24 21:36:20,327 - INFO -  Starting Vendor Summary Process
2025-08-24 21:38:14,318 - INFO -  Vendor summary created
2025-08-24 21:38:14,327 - DEBUG -    VendorNumber                   VendorName  Brand              Description  ActualPrice Volume  TotalPurchaseQuantity  TotalPurchaseDollars  TotalSalesQuantity  TotalSalesDollars  TotalSalesPrice  TotalExciseTax  FreightCost
0          1128  BROWN-FORMAN CORP             1233  Jack Daniels No 7 Black        36.99   1750                 145080            3811251.60            142049.0         5101919.51        672819.31       260999.20     68601.68
1          4425        MARTIGNETTI COMPANIES   3405    Tito's Handmade Vodka        28.99   1750                 164038            3804041.22            160247.0         4819073.49        561512.37       294438.66    144929.24
2         17035  PERNOD RICARD USA             8068         Absolut 80 Proof        24.99   1750                 187407            3418303.68            187140.0         4538120.60        461140.15       343854.07    123780.22
3          3960  DIAGEO NORTH AMERICA INC      4261   Capt Morgan Spiced Rum        22.99   1750                 201682            3261197.94            200412.0         4475972.88        420050.01       368242.80    257032.07
4          3960  DIAGEO NORTH AMERICA INC      3545          Ketel One Vodka        29.99   1750                 138109            3023206.01            135838.0         4223107.62        545778.28       249587.83    257032.07
2025-08-24 21:38:14,362 - INFO - Vendor summary cleaned
2025-08-24 21:38:14,376 - DEBUG -    VendorNumber                VendorName  Brand              Description  ActualPrice  Volume  TotalPurchaseQuantity  TotalPurchaseDollars  TotalSalesQuantity  TotalSalesDollars  TotalSalesPrice  TotalExciseTax  FreightCost  GrossProfit  ProfitMargin  StockTurnover  SalesToPurchaseRatio
0          1128         BROWN-FORMAN CORP   1233  Jack Daniels No 7 Black        36.99  1750.0                 145080            3811251.60            142049.0         5101919.51        672819.31       260999.20     68601.68   1290667.91     25.297693       0.979108              1.338647
1          4425     MARTIGNETTI COMPANIES   3405    Tito's Handmade Vodka        28.99  1750.0                 164038            3804041.22            160247.0         4819073.49        561512.37       294438.66    144929.24   1015032.27     21.062810       0.976890              1.266830
2         17035         PERNOD RICARD USA   8068         Absolut 80 Proof        24.99  1750.0                 187407            3418303.68            187140.0         4538120.60        461140.15       343854.07    123780.22   1119816.92     24.675786       0.998575              1.327594
3          3960  DIAGEO NORTH AMERICA INC   4261   Capt Morgan Spiced Rum        22.99  1750.0                 201682            3261197.94            200412.0         4475972.88        420050.01       368242.80    257032.07   1214774.94     27.139908       0.993703              1.372493
4          3960  DIAGEO NORTH AMERICA INC   3545          Ketel One Vodka        29.99  1750.0                 138109            3023206.01            135838.0         4223107.62        545778.28       249587.83    257032.07   1199901.61     28.412764       0.983556              1.396897
2025-08-24 21:38:14,523 - INFO -  Vendor summary ingested into DB
2025-08-24 21:38:14,524 - INFO -  SQLite connection closed
2025-08-25 00:09:56,987 - ERROR - No such comm target registered: jupyter.widget.control
2025-08-25 00:09:56,996 - WARNING - No such comm: a8b719f9-e66f-413f-9a7c-9f6be87d233a
2025-08-25 00:09:56,997 - DEBUG - Current comms: []
2025-08-25 16:14:25,401 - ERROR - No such comm target registered: jupyter.widget.control
2025-08-25 16:14:25,426 - WARNING - No such comm: f202fc52-ad93-4dd0-9360-e7af00d3e1c9
2025-08-25 16:14:25,426 - DEBUG - Current comms: []
2025-08-25 18:30:56,238 - ERROR - No such comm target registered: jupyter.widget.control
2025-08-25 18:30:56,254 - WARNING - No such comm: eb5403c4-5c4f-4e87-859b-b717e190bde7
2025-08-25 18:30:56,254 - DEBUG - Current comms: []
2025-08-25 19:37:56,783 - ERROR - No such comm target registered: jupyter.widget.control
2025-08-25 19:37:56,800 - WARNING - No such comm: ba425427-c834-4a27-9c74-21ad1551cb86
2025-08-25 19:37:56,802 - DEBUG - Current comms: []
2025-08-25 19:51:36,469 - ERROR - No such comm target registered: jupyter.widget.control
2025-08-25 19:51:36,479 - WARNING - No such comm: 830831b8-c56e-459f-a68d-c37510bcef19
2025-08-25 19:51:36,480 - DEBUG - Current comms: []
2025-08-25 22:40:00,556 - ERROR - No such comm target registered: jupyter.widget.control
2025-08-25 22:40:00,579 - WARNING - No such comm: 57f285f0-1d1c-4a4e-9bcd-a71db2e2eb52
2025-08-25 22:40:00,581 - DEBUG - Current comms: []
