2025-08-24 12:20:06,209 - INFO - Ingesting begin_inventory.csv into database
2025-08-24 12:20:10,737 - INFO - Ingesting end_inventory.csv into database
2025-08-24 12:20:26,206 - INFO - Ingesting purchases.csv into database
2025-08-24 12:21:48,031 - INFO - Ingesting purchase_prices.csv into database
2025-08-24 12:23:13,670 - INFO - Ingesting sales.csv into database
2025-08-24 12:52:35,345 - INFO - Ingesting vendor_invoice.csv into database
2025-08-24 12:52:35,805 - INFO - Ingestion Complete
2025-08-24 12:52:35,806 - INFO - Total time taken: 32.51 minutes
2025-08-24 21:02:00,205 - ERROR - No such comm target registered: jupyter.widget.control
2025-08-24 21:02:00,244 - WARNING - No such comm: e8692eb2-556a-4be5-a68e-56f7cab89fd5
2025-08-24 21:02:00,245 - DEBUG - Current comms: []
2025-08-24 21:03:07,945 - INFO - Creating Vendor summary table...
2025-08-24 21:12:47,362 - INFO - Creating Vendor summary table...
2025-08-24 21:14:55,347 - INFO - Creating Vendor summary table...
2025-08-24 21:17:33,245 - INFO -    VendorNumber                   VendorName  Brand              Description  ActualPrice Volume  TotalPurchaseQuantity  TotalPurchaseDollars  TotalSalesQuantity  TotalSalesDollars  TotalSalesPrice  TotalExciseTax  FreightCost
0          1128  BROWN-FORMAN CORP             1233  Jack Daniels No 7 Black        36.99   1750                 145080            3811251.60            142049.0         5101919.51        672819.31       260999.20     68601.68
1          4425        MARTIGNETTI COMPANIES   3405    Tito's Handmade Vodka        28.99   1750                 164038            3804041.22            160247.0         4819073.49        561512.37       294438.66    144929.24
2         17035  PERNOD RICARD USA             8068         Absolut 80 Proof        24.99   1750                 187407            3418303.68            187140.0         4538120.60        461140.15       343854.07    123780.22
3          3960  DIAGEO NORTH AMERICA INC      4261   Capt Morgan Spiced Rum        22.99   1750                 201682            3261197.94            200412.0         4475972.88        420050.01       368242.80    257032.07
4          3960  DIAGEO NORTH AMERICA INC      3545          Ketel One Vodka        29.99   1750                 138109            3023206.01            135838.0         4223107.62        545778.28       249587.83    257032.07
2025-08-24 21:17:33,246 - INFO - Cleaning data...
2025-08-24 21:17:33,351 - INFO -    VendorNumber                VendorName  Brand              Description  ActualPrice  Volume  TotalPurchaseQuantity  TotalPurchaseDollars  TotalSalesQuantity  TotalSalesDollars  TotalSalesPrice  TotalExciseTax  FreightCost  GrossProfit  ProfitMargin  StockTurnover  SalesToPurchaseRatio
0          1128         BROWN-FORMAN CORP   1233  Jack Daniels No 7 Black        36.99  1750.0                 145080            3811251.60            142049.0         5101919.51        672819.31       260999.20     68601.68   1290667.91     25.297693       0.979108              1.338647
1          4425     MARTIGNETTI COMPANIES   3405    Tito's Handmade Vodka        28.99  1750.0                 164038            3804041.22            160247.0         4819073.49        561512.37       294438.66    144929.24   1015032.27     21.062810       0.976890              1.266830
2         17035         PERNOD RICARD USA   8068         Absolut 80 Proof        24.99  1750.0                 187407            3418303.68            187140.0         4538120.60        461140.15       343854.07    123780.22   1119816.92     24.675786       0.998575              1.327594
3          3960  DIAGEO NORTH AMERICA INC   4261   Capt Morgan Spiced Rum        22.99  1750.0                 201682            3261197.94            200412.0         4475972.88        420050.01       368242.80    257032.07   1214774.94     27.139908       0.993703              1.372493
4          3960  DIAGEO NORTH AMERICA INC   3545          Ketel One Vodka        29.99  1750.0                 138109            3023206.01            135838.0         4223107.62        545778.28       249587.83    257032.07   1199901.61     28.412764       0.983556              1.396897
2025-08-24 21:17:33,352 - INFO - Ingesting data...
2025-08-24 21:20:38,326 - INFO - Creating Vendor summary table...
2025-08-24 21:21:45,495 - INFO -    VendorNumber                   VendorName  Brand              Description  ActualPrice Volume  TotalPurchaseQuantity  TotalPurchaseDollars  TotalSalesQuantity  TotalSalesDollars  TotalSalesPrice  TotalExciseTax  FreightCost
0          1128  BROWN-FORMAN CORP             1233  Jack Daniels No 7 Black        36.99   1750                 145080            3811251.60            142049.0         5101919.51        672819.31       260999.20     68601.68
1          4425        MARTIGNETTI COMPANIES   3405    Tito's Handmade Vodka        28.99   1750                 164038            3804041.22            160247.0         4819073.49        561512.37       294438.66    144929.24
2         17035  PERNOD RICARD USA             8068         Absolut 80 Proof        24.99   1750                 187407            3418303.68            187140.0         4538120.60        461140.15       343854.07    123780.22
3          3960  DIAGEO NORTH AMERICA INC      4261   Capt Morgan Spiced Rum        22.99   1750                 201682            3261197.94            200412.0         4475972.88        420050.01       368242.80    257032.07
4          3960  DIAGEO NORTH AMERICA INC      3545          Ketel One Vodka        29.99   1750                 138109            3023206.01            135838.0         4223107.62        545778.28       249587.83    257032.07
2025-08-24 21:21:45,495 - INFO - Cleaning data...
2025-08-24 21:21:45,519 - INFO -    VendorNumber                VendorName  Brand              Description  ActualPrice  Volume  TotalPurchaseQuantity  TotalPurchaseDollars  TotalSalesQuantity  TotalSalesDollars  TotalSalesPrice  TotalExciseTax  FreightCost  GrossProfit  ProfitMargin  StockTurnover  SalesToPurchaseRatio
0          1128         BROWN-FORMAN CORP   1233  Jack Daniels No 7 Black        36.99  1750.0                 145080            3811251.60            142049.0         5101919.51        672819.31       260999.20     68601.68   1290667.91     25.297693       0.979108              1.338647
1          4425     MARTIGNETTI COMPANIES   3405    Tito's Handmade Vodka        28.99  1750.0                 164038            3804041.22            160247.0         4819073.49        561512.37       294438.66    144929.24   1015032.27     21.062810       0.976890              1.266830
2         17035         PERNOD RICARD USA   8068         Absolut 80 Proof        24.99  1750.0                 187407            3418303.68            187140.0         4538120.60        461140.15       343854.07    123780.22   1119816.92     24.675786       0.998575              1.327594
3          3960  DIAGEO NORTH AMERICA INC   4261   Capt Morgan Spiced Rum        22.99  1750.0                 201682            3261197.94            200412.0         4475972.88        420050.01       368242.80    257032.07   1214774.94     27.139908       0.993703              1.372493
4          3960  DIAGEO NORTH AMERICA INC   3545          Ketel One Vodka        29.99  1750.0                 138109            3023206.01            135838.0         4223107.62        545778.28       249587.83    257032.07   1199901.61     28.412764       0.983556              1.396897
2025-08-24 21:21:45,519 - INFO - Ingesting data...
2025-08-24 21:21:45,620 - INFO - Data ingestion complete
2025-08-25 00:09:57,046 - ERROR - No such comm target registered: jupyter.widget.control
2025-08-25 00:09:57,067 - WARNING - No such comm: 36656a51-e339-4b34-89bb-fac17aa000e4
2025-08-25 00:09:57,069 - DEBUG - Current comms: []
2025-08-25 16:14:25,283 - ERROR - No such comm target registered: jupyter.widget.control
2025-08-25 16:14:25,379 - WARNING - No such comm: 1833bbac-aa7c-4fff-a7da-15702bbfc094
2025-08-25 16:14:25,380 - DEBUG - Current comms: []
2025-08-25 18:30:57,392 - ERROR - No such comm target registered: jupyter.widget.control
2025-08-25 18:30:57,410 - WARNING - No such comm: 1b312684-1297-42c3-b5a7-43fcec60bbcb
2025-08-25 18:30:57,411 - DEBUG - Current comms: []
2025-08-25 19:37:57,128 - ERROR - No such comm target registered: jupyter.widget.control
2025-08-25 19:37:57,142 - WARNING - No such comm: 25cebcc0-57c9-4c80-a8b9-9799f8e53aa0
2025-08-25 19:37:57,144 - DEBUG - Current comms: []
2025-08-25 19:51:36,154 - ERROR - No such comm target registered: jupyter.widget.control
2025-08-25 19:51:36,386 - WARNING - No such comm: 3ee91c7e-e087-4336-b70e-b8d46e8d7293
2025-08-25 19:51:36,387 - DEBUG - Current comms: []
2025-08-25 22:40:01,608 - ERROR - No such comm target registered: jupyter.widget.control
2025-08-25 22:40:01,637 - WARNING - No such comm: f0f6fa8d-73db-4b4a-8a63-7f867d284f6b
2025-08-25 22:40:01,639 - DEBUG - Current comms: []
